{
  "stats": {
    "suites": 1,
    "tests": 3,
    "passes": 3,
    "pending": 0,
    "failures": 0,
    "start": "2019-10-11T09:47:02.612Z",
    "end": "2019-10-11T09:47:02.779Z",
    "duration": 167,
    "testsRegistered": 3,
    "passPercent": 100,
    "pendingPercent": 0,
    "other": 0,
    "hasOther": false,
    "skipped": 0,
    "hasSkipped": false
  },
  "results": [
    {
      "uuid": "c9e31af1-06f9-497b-a489-f4a42811b22c",
      "title": "",
      "fullFile": "",
      "file": "",
      "beforeHooks": [],
      "afterHooks": [],
      "tests": [],
      "suites": [
        {
          "uuid": "48d0711c-28cc-4c29-9d23-e22534c104e8",
          "title": "Testing APIs...",
          "fullFile": "/Users/bautisn/Desktop/testAPI/test/e2eScenarios.js",
          "file": "/test/e2eScenarios.js",
          "beforeHooks": [],
          "afterHooks": [],
          "tests": [
            {
              "title": "Add Politician",
              "fullTitle": "Testing APIs... Add Politician",
              "timedOut": false,
              "duration": 73,
              "state": "passed",
              "speed": "medium",
              "pass": true,
              "fail": false,
              "pending": false,
              "context": null,
              "code": "await base.addPolitician()",
              "err": {},
              "uuid": "82692544-3562-4eed-8014-046f2781aded",
              "parentUUID": "48d0711c-28cc-4c29-9d23-e22534c104e8",
              "isHook": false,
              "skipped": false
            },
            {
              "title": "Display the list of the 5 latest Politicians",
              "fullTitle": "Testing APIs... Display the list of the 5 latest Politicians",
              "timedOut": false,
              "duration": 43,
              "state": "passed",
              "speed": "medium",
              "pass": true,
              "fail": false,
              "pending": false,
              "context": null,
              "code": "await base.listPoliticians()",
              "err": {},
              "uuid": "3e1b695b-69c4-4fa6-a622-3b7d136e6c8f",
              "parentUUID": "48d0711c-28cc-4c29-9d23-e22534c104e8",
              "isHook": false,
              "skipped": false
            },
            {
              "title": "Display a Politician based on his ID",
              "fullTitle": "Testing APIs... Display a Politician based on his ID",
              "timedOut": false,
              "duration": 38,
              "state": "passed",
              "speed": "medium",
              "pass": true,
              "fail": false,
              "pending": false,
              "context": null,
              "code": "await base.DisplayPoliticianInfo()",
              "err": {},
              "uuid": "80cd3685-506c-47bf-9357-6a91a5c4d1bf",
              "parentUUID": "48d0711c-28cc-4c29-9d23-e22534c104e8",
              "isHook": false,
              "skipped": false
            }
          ],
          "suites": [],
          "passes": [
            "82692544-3562-4eed-8014-046f2781aded",
            "3e1b695b-69c4-4fa6-a622-3b7d136e6c8f",
            "80cd3685-506c-47bf-9357-6a91a5c4d1bf"
          ],
          "failures": [],
          "pending": [],
          "skipped": [],
          "duration": 154,
          "root": false,
          "rootEmpty": false,
          "_timeout": 600000
        }
      ],
      "passes": [],
      "failures": [],
      "pending": [],
      "skipped": [],
      "duration": 0,
      "root": true,
      "rootEmpty": true,
      "_timeout": 600000
    }
  ],
  "meta": {
    "mocha": {
      "version": "6.2.0"
    },
    "mochawesome": {
      "options": {
        "quiet": false,
        "reportFilename": "mochawesome",
        "saveHtml": true,
        "saveJson": true,
        "useInlineDiffs": false
      },
      "version": "4.0.1"
    },
    "marge": {
      "options": null,
      "version": "4.0.1"
    }
  }
}