{
  "stats": {
    "suites": 1,
    "tests": 3,
    "passes": 3,
    "pending": 0,
    "failures": 0,
    "start": "2019-10-15T12:30:33.721Z",
    "end": "2019-10-15T12:30:34.118Z",
    "duration": 397,
    "testsRegistered": 3,
    "passPercent": 100,
    "pendingPercent": 0,
    "other": 0,
    "hasOther": false,
    "skipped": 0,
    "hasSkipped": false
  },
  "results": [
    {
      "uuid": "fc1ad624-0627-4dee-9705-181d6bbba77c",
      "title": "",
      "fullFile": "",
      "file": "",
      "beforeHooks": [],
      "afterHooks": [],
      "tests": [],
      "suites": [
        {
          "uuid": "04ca55b9-2070-46f3-9757-17e8ef378d83",
          "title": "Testing APIs...",
          "fullFile": "/Users/bautisn/Desktop/testAPI/test/e2eScenarios.js",
          "file": "/test/e2eScenarios.js",
          "beforeHooks": [],
          "afterHooks": [],
          "tests": [
            {
              "title": "Add Politician",
              "fullTitle": "Testing APIs... Add Politician",
              "timedOut": false,
              "duration": 132,
              "state": "passed",
              "speed": "slow",
              "pass": true,
              "fail": false,
              "pending": false,
              "context": null,
              "code": "await base.addPolitician()",
              "err": {},
              "uuid": "ef136dc2-4137-4250-9cce-a8fd2576cdef",
              "parentUUID": "04ca55b9-2070-46f3-9757-17e8ef378d83",
              "isHook": false,
              "skipped": false
            },
            {
              "title": "Display the list of the 5 latest Politicians",
              "fullTitle": "Testing APIs... Display the list of the 5 latest Politicians",
              "timedOut": false,
              "duration": 142,
              "state": "passed",
              "speed": "slow",
              "pass": true,
              "fail": false,
              "pending": false,
              "context": null,
              "code": "await base.listPoliticians()",
              "err": {},
              "uuid": "3667c8ff-8247-4515-90b6-4caddfc25ee6",
              "parentUUID": "04ca55b9-2070-46f3-9757-17e8ef378d83",
              "isHook": false,
              "skipped": false
            },
            {
              "title": "Display a Politician based on his ID",
              "fullTitle": "Testing APIs... Display a Politician based on his ID",
              "timedOut": false,
              "duration": 110,
              "state": "passed",
              "speed": "slow",
              "pass": true,
              "fail": false,
              "pending": false,
              "context": null,
              "code": "await base.DisplayPoliticianInfo()",
              "err": {},
              "uuid": "c18c08c6-ec9a-4d53-9d25-3db3312cc762",
              "parentUUID": "04ca55b9-2070-46f3-9757-17e8ef378d83",
              "isHook": false,
              "skipped": false
            }
          ],
          "suites": [],
          "passes": [
            "ef136dc2-4137-4250-9cce-a8fd2576cdef",
            "3667c8ff-8247-4515-90b6-4caddfc25ee6",
            "c18c08c6-ec9a-4d53-9d25-3db3312cc762"
          ],
          "failures": [],
          "pending": [],
          "skipped": [],
          "duration": 384,
          "root": false,
          "rootEmpty": false,
          "_timeout": 600000
        }
      ],
      "passes": [],
      "failures": [],
      "pending": [],
      "skipped": [],
      "duration": 0,
      "root": true,
      "rootEmpty": true,
      "_timeout": 600000
    }
  ],
  "meta": {
    "mocha": {
      "version": "6.2.0"
    },
    "mochawesome": {
      "options": {
        "quiet": false,
        "reportFilename": "mochawesome",
        "saveHtml": true,
        "saveJson": true,
        "useInlineDiffs": false
      },
      "version": "4.0.1"
    },
    "marge": {
      "options": null,
      "version": "4.0.1"
    }
  }
}